<?xml version="1.0" encoding="UTF-8"?>
<testng-results ignored="0" total="3" passed="2" failed="1" skipped="0">
  <reporter-output>
  </reporter-output>
  <suite started-at="2022-07-09T18:42:20 IST" name="Suite" finished-at="2022-07-09T18:42:43 IST" duration-ms="23471">
    <groups>
    </groups>
    <test started-at="2022-07-09T18:42:20 IST" name="Test" finished-at="2022-07-09T18:42:43 IST" duration-ms="23471">
      <class name="testCases.PositiveTestCase">
        <test-method is-config="true" signature="launchBrowser()[pri:0, instance:testCases.PositiveTestCase@65c7a252]" started-at="2022-07-09T18:42:35 IST" name="launchBrowser" finished-at="2022-07-09T18:42:40 IST" duration-ms="4462" status="PASS">
          <reporter-output>
          </reporter-output>
        </test-method> <!-- launchBrowser -->
        <test-method signature="postiveNumber()[pri:0, instance:testCases.PositiveTestCase@65c7a252]" started-at="2022-07-09T18:42:40 IST" name="postiveNumber" finished-at="2022-07-09T18:42:43 IST" duration-ms="3251" status="PASS">
          <reporter-output>
          </reporter-output>
        </test-method> <!-- postiveNumber -->
        <test-method is-config="true" signature="closeBrowser()[pri:0, instance:testCases.PositiveTestCase@65c7a252]" started-at="2022-07-09T18:42:43 IST" name="closeBrowser" finished-at="2022-07-09T18:42:43 IST" duration-ms="136" status="PASS">
          <reporter-output>
          </reporter-output>
        </test-method> <!-- closeBrowser -->
      </class> <!-- testCases.PositiveTestCase -->
      <class name="testCases.NegativeTestCase">
        <test-method is-config="true" signature="launchBrowser()[pri:0, instance:testCases.NegativeTestCase@6221a451]" started-at="2022-07-09T18:42:20 IST" name="launchBrowser" finished-at="2022-07-09T18:42:25 IST" duration-ms="4984" status="PASS">
          <reporter-output>
          </reporter-output>
        </test-method> <!-- launchBrowser -->
        <test-method signature="stringInput()[pri:0, instance:testCases.NegativeTestCase@6221a451]" started-at="2022-07-09T18:42:25 IST" name="stringInput" finished-at="2022-07-09T18:42:28 IST" duration-ms="3275" status="PASS">
          <reporter-output>
          </reporter-output>
        </test-method> <!-- stringInput -->
        <test-method is-config="true" signature="closeBrowser()[pri:0, instance:testCases.NegativeTestCase@6221a451]" started-at="2022-07-09T18:42:28 IST" name="closeBrowser" finished-at="2022-07-09T18:42:28 IST" duration-ms="139" status="PASS">
          <reporter-output>
          </reporter-output>
        </test-method> <!-- closeBrowser -->
      </class> <!-- testCases.NegativeTestCase -->
      <class name="testCases.EdgeTestCase">
        <test-method is-config="true" signature="launchBrowser()[pri:0, instance:testCases.EdgeTestCase@18df8434]" started-at="2022-07-09T18:42:28 IST" name="launchBrowser" finished-at="2022-07-09T18:42:32 IST" duration-ms="3779" status="PASS">
          <reporter-output>
          </reporter-output>
        </test-method> <!-- launchBrowser -->
        <test-method signature="highestIntegerNumber()[pri:0, instance:testCases.EdgeTestCase@18df8434]" started-at="2022-07-09T18:42:32 IST" name="highestIntegerNumber" finished-at="2022-07-09T18:42:35 IST" duration-ms="3259" status="FAIL">
          <exception class="java.lang.AssertionError">
            <message>
              <![CDATA[expected [true] but found [false]]]>
            </message>
            <full-stacktrace>
              <![CDATA[java.lang.AssertionError: expected [true] but found [false]
at org.testng.Assert.fail(Assert.java:99)
at org.testng.Assert.failNotEquals(Assert.java:1037)
at org.testng.Assert.assertTrue(Assert.java:45)
at org.testng.Assert.assertTrue(Assert.java:55)
at base.BaseClass.checkOutput(BaseClass.java:40)
at base.BaseClass.calculateFactorial(BaseClass.java:46)
at testCases.EdgeTestCase.highestIntegerNumber(EdgeTestCase.java:12)
at java.base/jdk.internal.reflect.NativeMethodAccessorImpl.invoke0(Native Method)
at java.base/jdk.internal.reflect.NativeMethodAccessorImpl.invoke(NativeMethodAccessorImpl.java:78)
at java.base/jdk.internal.reflect.DelegatingMethodAccessorImpl.invoke(DelegatingMethodAccessorImpl.java:43)
at java.base/java.lang.reflect.Method.invoke(Method.java:567)
at org.testng.internal.MethodInvocationHelper.invokeMethod(MethodInvocationHelper.java:133)
at org.testng.internal.TestInvoker.invokeMethod(TestInvoker.java:598)
at org.testng.internal.TestInvoker.invokeTestMethod(TestInvoker.java:173)
at org.testng.internal.MethodRunner.runInSequence(MethodRunner.java:46)
at org.testng.internal.TestInvoker$MethodInvocationAgent.invoke(TestInvoker.java:824)
at org.testng.internal.TestInvoker.invokeTestMethods(TestInvoker.java:146)
at org.testng.internal.TestMethodWorker.invokeTestMethods(TestMethodWorker.java:146)
at org.testng.internal.TestMethodWorker.run(TestMethodWorker.java:128)
at java.base/java.util.ArrayList.forEach(ArrayList.java:1511)
at org.testng.TestRunner.privateRun(TestRunner.java:794)
at org.testng.TestRunner.run(TestRunner.java:596)
at org.testng.SuiteRunner.runTest(SuiteRunner.java:377)
at org.testng.SuiteRunner.runSequentially(SuiteRunner.java:371)
at org.testng.SuiteRunner.privateRun(SuiteRunner.java:332)
at org.testng.SuiteRunner.run(SuiteRunner.java:276)
at org.testng.SuiteRunnerWorker.runSuite(SuiteRunnerWorker.java:53)
at org.testng.SuiteRunnerWorker.run(SuiteRunnerWorker.java:96)
at org.testng.TestNG.runSuitesSequentially(TestNG.java:1212)
at org.testng.TestNG.runSuitesLocally(TestNG.java:1134)
at org.testng.TestNG.runSuites(TestNG.java:1063)
at org.testng.TestNG.run(TestNG.java:1031)
at org.testng.remote.AbstractRemoteTestNG.run(AbstractRemoteTestNG.java:115)
at org.testng.remote.RemoteTestNG.initAndRun(RemoteTestNG.java:251)
at org.testng.remote.RemoteTestNG.main(RemoteTestNG.java:77)
]]>
            </full-stacktrace>
          </exception> <!-- java.lang.AssertionError -->
          <reporter-output>
          </reporter-output>
        </test-method> <!-- highestIntegerNumber -->
        <test-method is-config="true" signature="closeBrowser()[pri:0, instance:testCases.EdgeTestCase@18df8434]" started-at="2022-07-09T18:42:35 IST" name="closeBrowser" finished-at="2022-07-09T18:42:35 IST" duration-ms="127" status="PASS">
          <reporter-output>
          </reporter-output>
        </test-method> <!-- closeBrowser -->
      </class> <!-- testCases.EdgeTestCase -->
    </test> <!-- Test -->
  </suite> <!-- Suite -->
</testng-results>
